<?xml version="1.0" encoding="UTF-8"?>
<robot generator="Robot 3.2.1 (Python 3.8.3 on darwin)" generated="20200829 15:48:15.987" rpa="false">
<suite id="s1" name="About Responsive" source="/Users/denzeladrianco/Desktop/intercon_robot_framework/test_run/about_responsive.robot">
<test id="s1-t1" name="Test Run">
<kw name="Open Browser To Home Page" library="resource">
<kw name="Open Browser" library="SeleniumLibrary">
<doc>Opens a new browser instance to the optional ``url``.</doc>
<arguments>
<arg>${HOMEPAGE URL}</arg>
<arg>${BROWSER}</arg>
</arguments>
<msg timestamp="20200829 15:48:16.260" level="INFO">Opening browser 'Chrome' to base url 'http://intercon-git-ty.gabtan99.now.sh/'.</msg>
<status status="PASS" starttime="20200829 15:48:16.259" endtime="20200829 15:48:22.956"></status>
</kw>
<kw name="Set Selenium Speed" library="SeleniumLibrary">
<doc>Sets the delay that is waited after each Selenium command.</doc>
<arguments>
<arg>${DELAY}</arg>
</arguments>
<status status="PASS" starttime="20200829 15:48:22.957" endtime="20200829 15:48:22.957"></status>
</kw>
<kw name="Title Should Be" library="SeleniumLibrary">
<doc>Verifies that the current page title equals ``title``.</doc>
<arguments>
<arg>Intercon Regenerative Center</arg>
</arguments>
<msg timestamp="20200829 15:48:22.964" level="INFO">Page title is 'Intercon Regenerative Center'.</msg>
<status status="PASS" starttime="20200829 15:48:22.958" endtime="20200829 15:48:22.965"></status>
</kw>
<status status="PASS" starttime="20200829 15:48:16.259" endtime="20200829 15:48:22.965"></status>
</kw>
<kw name="Open Browser to Services Page" library="resource">
<kw name="Open Browser" library="SeleniumLibrary">
<doc>Opens a new browser instance to the optional ``url``.</doc>
<arguments>
<arg>${SERVICES URL}</arg>
<arg>${BROWSER}</arg>
</arguments>
<msg timestamp="20200829 15:48:22.966" level="INFO">Opening browser 'Chrome' to base url 'http://intercon-git-ty.gabtan99.now.sh/services'.</msg>
<status status="PASS" starttime="20200829 15:48:22.966" endtime="20200829 15:48:33.043"></status>
</kw>
<kw name="Set Selenium Speed" library="SeleniumLibrary">
<doc>Sets the delay that is waited after each Selenium command.</doc>
<arguments>
<arg>${DELAY}</arg>
</arguments>
<status status="PASS" starttime="20200829 15:48:33.044" endtime="20200829 15:48:33.044"></status>
</kw>
<kw name="Title Should Be" library="SeleniumLibrary">
<doc>Verifies that the current page title equals ``title``.</doc>
<arguments>
<arg>Services | Intercon Regenerative Center</arg>
</arguments>
<msg timestamp="20200829 15:48:33.049" level="INFO">Page title is 'Services | Intercon Regenerative Center'.</msg>
<status status="PASS" starttime="20200829 15:48:33.045" endtime="20200829 15:48:33.049"></status>
</kw>
<status status="PASS" starttime="20200829 15:48:22.965" endtime="20200829 15:48:33.049"></status>
</kw>
<kw name="Open Browser to Targets Page" library="resource">
<kw name="Open Browser" library="SeleniumLibrary">
<doc>Opens a new browser instance to the optional ``url``.</doc>
<arguments>
<arg>${TARGETS URL}</arg>
<arg>${BROWSER}</arg>
</arguments>
<msg timestamp="20200829 15:48:33.051" level="INFO">Opening browser 'Chrome' to base url 'http://intercon-git-ty.gabtan99.now.sh/targets'.</msg>
<status status="PASS" starttime="20200829 15:48:33.051" endtime="20200829 15:48:40.063"></status>
</kw>
<kw name="Set Selenium Speed" library="SeleniumLibrary">
<doc>Sets the delay that is waited after each Selenium command.</doc>
<arguments>
<arg>${DELAY}</arg>
</arguments>
<status status="PASS" starttime="20200829 15:48:40.064" endtime="20200829 15:48:40.064"></status>
</kw>
<kw name="Title Should Be" library="SeleniumLibrary">
<doc>Verifies that the current page title equals ``title``.</doc>
<arguments>
<arg>Targets | Intercon Regenerative Center</arg>
</arguments>
<msg timestamp="20200829 15:48:40.069" level="INFO">Page title is 'Targets | Intercon Regenerative Center'.</msg>
<status status="PASS" starttime="20200829 15:48:40.065" endtime="20200829 15:48:40.070"></status>
</kw>
<status status="PASS" starttime="20200829 15:48:33.050" endtime="20200829 15:48:40.070"></status>
</kw>
<kw name="Open Browser to Blog Page" library="resource">
<kw name="Open Browser" library="SeleniumLibrary">
<doc>Opens a new browser instance to the optional ``url``.</doc>
<arguments>
<arg>${BLOG URL}</arg>
<arg>${BROWSER}</arg>
</arguments>
<msg timestamp="20200829 15:48:40.072" level="INFO">Opening browser 'Chrome' to base url 'http://intercon-git-ty.gabtan99.now.sh/blog'.</msg>
<status status="PASS" starttime="20200829 15:48:40.071" endtime="20200829 15:48:48.387"></status>
</kw>
<kw name="Set Selenium Speed" library="SeleniumLibrary">
<doc>Sets the delay that is waited after each Selenium command.</doc>
<arguments>
<arg>${DELAY}</arg>
</arguments>
<status status="PASS" starttime="20200829 15:48:48.388" endtime="20200829 15:48:48.389"></status>
</kw>
<kw name="Title Should Be" library="SeleniumLibrary">
<doc>Verifies that the current page title equals ``title``.</doc>
<arguments>
<arg>Blog | Intercon Regenerative Center</arg>
</arguments>
<msg timestamp="20200829 15:48:48.393" level="INFO">Page title is 'Blog | Intercon Regenerative Center'.</msg>
<status status="PASS" starttime="20200829 15:48:48.389" endtime="20200829 15:48:48.393"></status>
</kw>
<status status="PASS" starttime="20200829 15:48:40.070" endtime="20200829 15:48:48.393"></status>
</kw>
<kw name="Open Browser to About Page" library="resource">
<kw name="Open Browser" library="SeleniumLibrary">
<doc>Opens a new browser instance to the optional ``url``.</doc>
<arguments>
<arg>${ABOUT URL}</arg>
<arg>${BROWSER}</arg>
</arguments>
<msg timestamp="20200829 15:48:48.394" level="INFO">Opening browser 'Chrome' to base url 'http://intercon-git-ty.gabtan99.now.sh/about'.</msg>
<status status="PASS" starttime="20200829 15:48:48.394" endtime="20200829 15:48:56.252"></status>
</kw>
<kw name="Set Selenium Speed" library="SeleniumLibrary">
<doc>Sets the delay that is waited after each Selenium command.</doc>
<arguments>
<arg>${DELAY}</arg>
</arguments>
<status status="PASS" starttime="20200829 15:48:56.252" endtime="20200829 15:48:56.253"></status>
</kw>
<kw name="Title Should Be" library="SeleniumLibrary">
<doc>Verifies that the current page title equals ``title``.</doc>
<arguments>
<arg>About Us | Intercon Regenerative Center</arg>
</arguments>
<msg timestamp="20200829 15:48:56.257" level="INFO">Page title is 'About Us | Intercon Regenerative Center'.</msg>
<status status="PASS" starttime="20200829 15:48:56.253" endtime="20200829 15:48:56.258"></status>
</kw>
<status status="PASS" starttime="20200829 15:48:48.393" endtime="20200829 15:48:56.258"></status>
</kw>
<kw name="Open Browser to Contact Page" library="resource">
<kw name="Open Browser" library="SeleniumLibrary">
<doc>Opens a new browser instance to the optional ``url``.</doc>
<arguments>
<arg>${CONTACT URL}</arg>
<arg>${BROWSER}</arg>
</arguments>
<msg timestamp="20200829 15:48:56.259" level="INFO">Opening browser 'Chrome' to base url 'http://intercon-git-ty.gabtan99.now.sh/contact'.</msg>
<status status="PASS" starttime="20200829 15:48:56.259" endtime="20200829 15:49:03.992"></status>
</kw>
<kw name="Set Selenium Speed" library="SeleniumLibrary">
<doc>Sets the delay that is waited after each Selenium command.</doc>
<arguments>
<arg>${DELAY}</arg>
</arguments>
<status status="PASS" starttime="20200829 15:49:03.993" endtime="20200829 15:49:03.994"></status>
</kw>
<kw name="Title Should Be" library="SeleniumLibrary">
<doc>Verifies that the current page title equals ``title``.</doc>
<arguments>
<arg>Contact Us - Intercon Regenerative Center</arg>
</arguments>
<msg timestamp="20200829 15:49:04.001" level="INFO">Page title is 'Contact Us - Intercon Regenerative Center'.</msg>
<status status="PASS" starttime="20200829 15:49:03.994" endtime="20200829 15:49:04.001"></status>
</kw>
<status status="PASS" starttime="20200829 15:48:56.258" endtime="20200829 15:49:04.001"></status>
</kw>
<kw name="Close Browser" library="SeleniumLibrary" type="teardown">
<doc>Closes the current browser.</doc>
<status status="PASS" starttime="20200829 15:49:04.001" endtime="20200829 15:49:04.113"></status>
</kw>
<status status="PASS" starttime="20200829 15:48:16.258" endtime="20200829 15:49:04.114" critical="yes"></status>
</test>
<doc>A test suite to check mobile responsiveness in about page

This test has a workflow that is created using keywords in
the imported resource file.</doc>
<status status="PASS" starttime="20200829 15:48:15.988" endtime="20200829 15:49:04.115"></status>
</suite>
<statistics>
<total>
<stat pass="1" fail="0">Critical Tests</stat>
<stat pass="1" fail="0">All Tests</stat>
</total>
<tag>
</tag>
<suite>
<stat pass="1" fail="0" id="s1" name="About Responsive">About Responsive</stat>
</suite>
</statistics>
<errors>
</errors>
</robot>
