<?xml version="1.0" encoding="UTF-8"?>
<robot generator="Robot 3.2.1 (Python 3.8.3 on darwin)" generated="20200827 14:47:34.955" rpa="false">
<suite id="s1" name="Test Run" source="/Users/denzeladrianco/Desktop/intercon_robot_framework/test_run">
<suite id="s1-s1" name="Valid Homepage" source="/Users/denzeladrianco/Desktop/intercon_robot_framework/test_run/valid_homepage.robot">
<test id="s1-s1-t1" name="Valid Homepage">
<kw name="Open Browser To Home Page" library="resource">
<kw name="Open Browser" library="SeleniumLibrary">
<doc>Opens a new browser instance to the optional ``url``.</doc>
<arguments>
<arg>${HOMEPAGE URL}</arg>
<arg>${BROWSER}</arg>
</arguments>
<msg timestamp="20200827 14:47:35.228" level="INFO">Opening browser 'Chrome' to base url 'http://intercon-git-ty.gabtan99.now.sh/'.</msg>
<status status="PASS" starttime="20200827 14:47:35.227" endtime="20200827 14:47:55.054"></status>
</kw>
<kw name="Maximize Browser Window" library="SeleniumLibrary">
<doc>Maximizes current browser window.</doc>
<status status="PASS" starttime="20200827 14:47:55.055" endtime="20200827 14:47:55.214"></status>
</kw>
<kw name="Set Selenium Speed" library="SeleniumLibrary">
<doc>Sets the delay that is waited after each Selenium command.</doc>
<arguments>
<arg>${DELAY}</arg>
</arguments>
<status status="PASS" starttime="20200827 14:47:55.214" endtime="20200827 14:47:55.215"></status>
</kw>
<kw name="Home Page Should Be Open" library="resource">
<kw name="Title Should Be" library="SeleniumLibrary">
<doc>Verifies that the current page title equals ``title``.</doc>
<arguments>
<arg>Intercon Regenerative Center</arg>
</arguments>
<msg timestamp="20200827 14:47:55.221" level="INFO">Page title is 'Intercon Regenerative Center'.</msg>
<status status="PASS" starttime="20200827 14:47:55.215" endtime="20200827 14:47:55.221"></status>
</kw>
<status status="PASS" starttime="20200827 14:47:55.215" endtime="20200827 14:47:55.221"></status>
</kw>
<status status="PASS" starttime="20200827 14:47:35.226" endtime="20200827 14:47:55.221"></status>
</kw>
<kw name="Go to Services Page" library="resource">
<kw name="Click Link" library="SeleniumLibrary">
<doc>Clicks a link identified by ``locator``.</doc>
<arguments>
<arg>xpath=//a[@href="/services"]</arg>
</arguments>
<msg timestamp="20200827 14:47:55.223" level="INFO">Clicking link 'xpath=//a[@href="/services"]'.</msg>
<kw name="Capture Page Screenshot" library="SeleniumLibrary">
<doc>Takes a screenshot of the current page and embeds it into a log file.</doc>
<msg timestamp="20200827 14:47:56.784" level="INFO" html="yes">&lt;/td&gt;&lt;/tr&gt;&lt;tr&gt;&lt;td colspan="3"&gt;&lt;a href="selenium-screenshot-5.png"&gt;&lt;img src="selenium-screenshot-5.png" width="800px"&gt;&lt;/a&gt;</msg>
<status status="PASS" starttime="20200827 14:47:56.358" endtime="20200827 14:47:56.784"></status>
</kw>
<msg timestamp="20200827 14:47:56.794" level="FAIL">ElementClickInterceptedException: Message: element click intercepted: Element &lt;a href="/services" target="_self" class="nav-link" data-v-4df120ec=""&gt;...&lt;/a&gt; is not clickable at point (1019, 52). Other element would receive the click: &lt;div id="modal-lg" role="dialog" aria-describedby="modal-lg___BV_modal_body_" class="modal fade show" aria-modal="true" style="display: block;"&gt;...&lt;/div&gt;
  (Session info: chrome=85.0.4183.83)
</msg>
<status status="FAIL" starttime="20200827 14:47:55.222" endtime="20200827 14:47:56.794"></status>
</kw>
<status status="FAIL" starttime="20200827 14:47:55.222" endtime="20200827 14:47:56.794"></status>
</kw>
<kw name="Close Browser" library="SeleniumLibrary" type="teardown">
<doc>Closes the current browser.</doc>
<status status="PASS" starttime="20200827 14:47:56.795" endtime="20200827 14:47:56.907"></status>
</kw>
<status status="FAIL" starttime="20200827 14:47:35.226" endtime="20200827 14:47:56.907" critical="yes">ElementClickInterceptedException: Message: element click intercepted: Element &lt;a href="/services" target="_self" class="nav-link" data-v-4df120ec=""&gt;...&lt;/a&gt; is not clickable at point (1019, 52). Other element would receive the click: &lt;div id="modal-lg" role="dialog" aria-describedby="modal-lg___BV_modal_body_" class="modal fade show" aria-modal="true" style="display: block;"&gt;...&lt;/div&gt;
  (Session info: chrome=85.0.4183.83)
</status>
</test>
<doc>A test suite with a single test for valid login.

This test has a workflow that is created using keywords in
the imported resource file.</doc>
<status status="FAIL" starttime="20200827 14:47:34.983" endtime="20200827 14:47:56.908"></status>
</suite>
<status status="FAIL" starttime="20200827 14:47:34.956" endtime="20200827 14:47:56.912"></status>
</suite>
<statistics>
<total>
<stat pass="0" fail="1">Critical Tests</stat>
<stat pass="0" fail="1">All Tests</stat>
</total>
<tag>
</tag>
<suite>
<stat pass="0" fail="1" id="s1" name="Test Run">Test Run</stat>
<stat pass="0" fail="1" id="s1-s1" name="Valid Homepage">Test Run.Valid Homepage</stat>
</suite>
</statistics>
<errors>
</errors>
</robot>
